[debug] [2018-09-04T16:03:59.575Z] ----------------------------------------------------------------------
[debug] [2018-09-04T16:03:59.578Z] Command:       /usr/local/bin/node /usr/local/bin/firebase init git status
[debug] [2018-09-04T16:03:59.578Z] CLI Version:   3.19.3
[debug] [2018-09-04T16:03:59.578Z] Platform:      darwin
[debug] [2018-09-04T16:03:59.578Z] Node Version:  v8.10.0
[debug] [2018-09-04T16:03:59.578Z] Time:          Tue Sep 04 2018 10:03:59 GMT-0600 (MDT)
[debug] [2018-09-04T16:03:59.578Z] ----------------------------------------------------------------------
[debug] 
[debug] [2018-09-04T16:03:59.597Z] > command requires scopes: ["email","openid","https://www.googleapis.com/auth/cloudplatformprojects.readonly","https://www.googleapis.com/auth/firebase"]
[debug] [2018-09-04T16:03:59.597Z] > authorizing via signed-in user
[info] 
     🔥🔥🔥🔥🔥🔥🔥🔥 🔥🔥🔥🔥 🔥🔥🔥🔥🔥🔥🔥🔥  🔥🔥🔥🔥🔥🔥🔥🔥 🔥🔥🔥🔥🔥🔥🔥🔥     🔥🔥🔥     🔥🔥🔥🔥🔥🔥  🔥🔥🔥🔥🔥🔥🔥🔥
     🔥🔥        🔥🔥  🔥🔥     🔥🔥 🔥🔥       🔥🔥     🔥🔥  🔥🔥   🔥🔥  🔥🔥       🔥🔥
     🔥🔥🔥🔥🔥🔥    🔥🔥  🔥🔥🔥🔥🔥🔥🔥🔥  🔥🔥🔥🔥🔥🔥   🔥🔥🔥🔥🔥🔥🔥🔥  🔥🔥🔥🔥🔥🔥🔥🔥🔥  🔥🔥🔥🔥🔥🔥  🔥🔥🔥🔥🔥🔥
     🔥🔥        🔥🔥  🔥🔥    🔥🔥  🔥🔥       🔥🔥     🔥🔥 🔥🔥     🔥🔥       🔥🔥 🔥🔥
     🔥🔥       🔥🔥🔥🔥 🔥🔥     🔥🔥 🔥🔥🔥🔥🔥🔥🔥🔥 🔥🔥🔥🔥🔥🔥🔥🔥  🔥🔥     🔥🔥  🔥🔥🔥🔥🔥🔥  🔥🔥🔥🔥🔥🔥🔥🔥

You're about to initialize a Firebase project in this directory:

  /Users/macbookpro/Desktop/Surf-Trip

Before we get started, keep in mind:

  * You are initializing in an existing Firebase project directory

[info] 
=== Project Setup
[info] 
[info] First, let's associate this project directory with a Firebase project.
[info] You can create multiple project aliases by running firebase use --add, 
[info] but for now we'll just set up a default project.
[info] 
[debug] [2018-09-04T16:03:59.604Z] > refreshing access token with scopes: ["email","https://www.googleapis.com/auth/cloudplatformprojects.readonly","https://www.googleapis.com/auth/firebase","openid"]
[debug] [2018-09-04T16:03:59.604Z] >>> HTTP REQUEST POST https://www.googleapis.com/oauth2/v3/token  
 { refresh_token: '1/ClGa8qyEEBKU3d1OgVASKWpCxUriEr1D-Fcs5pKqq-I',
  client_id: '563584335869-fgrhgmd47bqnekij5i8b5pr03ho849e6.apps.googleusercontent.com',
  client_secret: 'j9iVZfS8kkCEFUPaAeJV0sAi',
  grant_type: 'refresh_token',
  scope: 'email https://www.googleapis.com/auth/cloudplatformprojects.readonly https://www.googleapis.com/auth/firebase openid' } 
 Tue Sep 04 2018 10:03:59 GMT-0600 (MDT)
[debug] [2018-09-04T16:03:59.889Z] <<< HTTP RESPONSE 200
[debug] [2018-09-04T16:03:59.899Z] >>> HTTP REQUEST GET https://admin.firebase.com/v1/projects  
  
 Tue Sep 04 2018 10:03:59 GMT-0600 (MDT)
[debug] [2018-09-04T16:04:00.455Z] <<< HTTP RESPONSE 200
[info] i  .firebaserc already has a default project, skipping
[info] 
=== Git Setup
[debug] [2018-09-04T16:04:00.585Z] TypeError: features[nextFeature] is not a function
    at init (/usr/local/lib/node_modules/firebase-tools/lib/init/index.js:13:49)
    at /usr/local/lib/node_modules/firebase-tools/lib/init/index.js:14:14
    at <anonymous>
    at process._tickDomainCallback (internal/process/next_tick.js:228:7)
[error] 
[error] Error: An unexpected error has occurred.
